01/10/20 11:23:06 INFO  BasicHook:20 - ------ Starting -----Example scenario for get user data-----
01/10/20 11:23:06 INFO  BasicHook:20 - ------ Starting -----Example scenario for get user data-----
01/10/20 11:23:06 INFO  BasicHook:20 - ------ Starting -----Example scenario for input parameters-----
01/10/20 11:23:06 INFO  BasicHook:20 - ------ Starting -----Example scenario for get user data-----
01/10/20 11:23:06 INFO  BasicHook:20 - ------ Starting -----Example scenario for get user data-----
01/10/20 11:23:07 INFO  MethodsService:109 - >>>Request: https://postman-echo.com/response-headers, {foo1=bar1, foo2=bar2}
01/10/20 11:23:07 INFO  MethodsService:109 - >>>Request: https://reqres.in/api/users, {id=2}, {Content-Type=application/json}
01/10/20 11:23:07 INFO  MethodsService:109 - >>>Request: https://reqres.in/api/users, {Content-Type=application/json}, {"name":"test","job":"leader"}
01/10/20 11:23:07 INFO  MethodsService:109 - >>>Request: https://reqres.in/api/users, {Content-Type=application/json}, {"name":"test","job":"leader"}
01/10/20 11:23:07 INFO  MethodsService:109 - >>>Request: https://reqres.in/api/users, {Content-Type=application/json}, {"name":"test","job":"leader"}
01/10/20 11:23:08 INFO  RestClient:90 - >>>Response: <200 OK,api.model.Data@9266c19,{Date=[Thu, 01 Oct 2020 14:23:08 GMT], Content-Type=[application/json; charset=utf-8], Transfer-Encoding=[chunked], Connection=[keep-alive], Set-Cookie=[__cfduid=d728aa6464152eaf5e1d3947c23d3c9fa1601562188; expires=Sat, 31-Oct-20 14:23:08 GMT; path=/; domain=.reqres.in; HttpOnly; SameSite=Lax; Secure], X-Powered-By=[Express], Access-Control-Allow-Origin=[*], Etag=[W/"173-1Z8bn0V7UjH6FK7NCaza1ccWXQk"], Via=[1.1 vegur], Cache-Control=[max-age=14400], CF-Cache-Status=[HIT], Age=[34], cf-request-id=[058624b14d0000750b590de200000001], Expect-CT=[max-age=604800, report-uri="https://report-uri.cloudflare.com/cdn-cgi/beacon/expect-ct"], Report-To=[{"endpoints":[{"url":"https:\/\/a.nel.cloudflare.com\/report?lkg-colo=44&lkg-time=1601562188"}],"group":"cf-nel","max_age":604800}], NEL=[{"report_to":"cf-nel","max_age":604800}], Vary=[Accept-Encoding], Server=[cloudflare], CF-RAY=[5db6d6fbadca750b-EZE]}>
01/10/20 11:23:08 INFO  BasicHook:35 - ------ Ending -----Example scenario for get user data-----
01/10/20 11:23:09 INFO  RestClient:90 - >>>Response: <200 OK,api.model.ResponseHeaders@45f8ab11,{Date=[Thu, 01 Oct 2020 14:23:08 GMT], Content-Type=[application/json; charset=utf-8], Content-Length=[29], Connection=[keep-alive], foo1=[bar1], foo2=[bar2], ETag=[W/"1d-PgOLWVqd2mMvcpNzTF0Cfy4hftg"], Vary=[Accept-Encoding], set-cookie=[sails.sid=s%3APC9Xg_n8UhpvO3WiKzEenjiCQjaydc1n.bOEx6tOceI7xdVUpT24o4Xqr9yOrlNV2xHWCN62ards; Path=/; HttpOnly]}>
01/10/20 11:23:09 INFO  BasicHook:35 - ------ Ending -----Example scenario for input parameters-----
01/10/20 11:23:09 INFO  RestClient:90 - >>>Response: <201 Created,api.model.UserCreated@5d2ed9d4,{Date=[Thu, 01 Oct 2020 14:23:08 GMT], Content-Type=[application/json; charset=utf-8], Content-Length=[80], Connection=[keep-alive], Set-Cookie=[__cfduid=d68a75b4fc4f1b39f3a5e93e03cee50e31601562188; expires=Sat, 31-Oct-20 14:23:08 GMT; path=/; domain=.reqres.in; HttpOnly; SameSite=Lax; Secure], X-Powered-By=[Express], Access-Control-Allow-Origin=[*], Etag=[W/"50-4UYt7ochXpJC10wSUh9vNPegebg"], Via=[1.1 vegur], CF-Cache-Status=[DYNAMIC], cf-request-id=[058624b1670000d849f308f200000001], Expect-CT=[max-age=604800, report-uri="https://report-uri.cloudflare.com/cdn-cgi/beacon/expect-ct"], Report-To=[{"endpoints":[{"url":"https:\/\/a.nel.cloudflare.com\/report?lkg-colo=44&lkg-time=1601562189"}],"group":"cf-nel","max_age":604800}], NEL=[{"report_to":"cf-nel","max_age":604800}], Server=[cloudflare], CF-RAY=[5db6d6fbd902d849-EZE]}>
01/10/20 11:23:09 INFO  BasicHook:35 - ------ Ending -----Example scenario for get user data-----
01/10/20 11:23:09 INFO  RestClient:90 - >>>Response: <201 Created,api.model.UserCreated@62f62c1,{Date=[Thu, 01 Oct 2020 14:23:08 GMT], Content-Type=[application/json; charset=utf-8], Content-Length=[80], Connection=[keep-alive], Set-Cookie=[__cfduid=daa7bce6c5bcec8bd9cd772e58c5c6b4d1601562188; expires=Sat, 31-Oct-20 14:23:08 GMT; path=/; domain=.reqres.in; HttpOnly; SameSite=Lax; Secure], X-Powered-By=[Express], Access-Control-Allow-Origin=[*], Etag=[W/"50-9lonN/efLRH9xrnAwnFcxkkmey0"], Via=[1.1 vegur], CF-Cache-Status=[DYNAMIC], cf-request-id=[058624b191000074ff1c158200000001], Expect-CT=[max-age=604800, report-uri="https://report-uri.cloudflare.com/cdn-cgi/beacon/expect-ct"], Report-To=[{"endpoints":[{"url":"https:\/\/a.nel.cloudflare.com\/report?lkg-colo=44&lkg-time=1601562189"}],"group":"cf-nel","max_age":604800}], NEL=[{"report_to":"cf-nel","max_age":604800}], Server=[cloudflare], CF-RAY=[5db6d6fc1bc574ff-EZE]}>
01/10/20 11:23:09 INFO  BasicHook:35 - ------ Ending -----Example scenario for get user data-----
01/10/20 11:23:09 INFO  RestClient:90 - >>>Response: <201 Created,api.model.UserCreated@5895483f,{Date=[Thu, 01 Oct 2020 14:23:08 GMT], Content-Type=[application/json; charset=utf-8], Content-Length=[80], Connection=[keep-alive], Set-Cookie=[__cfduid=d520e8537c1dcf79471213b90a2ce7f491601562188; expires=Sat, 31-Oct-20 14:23:08 GMT; path=/; domain=.reqres.in; HttpOnly; SameSite=Lax; Secure], X-Powered-By=[Express], Access-Control-Allow-Origin=[*], Etag=[W/"50-6fy7daGXRupoItv2wp+Fp1EetJ0"], Via=[1.1 vegur], CF-Cache-Status=[DYNAMIC], cf-request-id=[058624b17c00006783d3258200000001], Expect-CT=[max-age=604800, report-uri="https://report-uri.cloudflare.com/cdn-cgi/beacon/expect-ct"], Report-To=[{"endpoints":[{"url":"https:\/\/a.nel.cloudflare.com\/report?lkg-colo=44&lkg-time=1601562189"}],"group":"cf-nel","max_age":604800}], NEL=[{"report_to":"cf-nel","max_age":604800}], Server=[cloudflare], CF-RAY=[5db6d6fbfd026783-EZE]}>
01/10/20 11:23:09 INFO  BasicHook:35 - ------ Ending -----Example scenario for get user data-----
01/10/20 11:25:01 INFO  BasicHook:20 - ------ Starting -----Example scenario for get user data-----
01/10/20 11:25:02 INFO  MethodsService:109 - >>>Request: http://vps2.crowdaronline.com:8083/, {id=2}, {Content-Type=application/json}
01/10/20 11:25:03 INFO  RestClient:93 - >>>Error Response: org.springframework.web.client.HttpClientErrorException: 404 
01/10/20 11:25:03 ERROR JsonUtils:37 - Unrecognized field "timestamp" (class api.model.Data), not marked as ignorable (one known property: "data"])
 at [Source: (String)"{"timestamp":"2020-10-01T14:25:03.049+0000","status":404,"error":"Not Found","message":"No message available","path":"/"}"; line: 1, column: 15] (through reference chain: api.model.Data["timestamp"])
01/10/20 11:25:03 INFO  BasicHook:35 - ------ Ending -----Example scenario for get user data-----
01/10/20 11:25:03 INFO  BasicHook:20 - ------ Starting -----Example scenario for get user data-----
01/10/20 11:25:04 INFO  MethodsService:109 - >>>Request: http://vps2.crowdaronline.com:8083/, {Content-Type=application/json}, {"name":"test","job":"leader"}
01/10/20 11:25:04 INFO  RestClient:93 - >>>Error Response: org.springframework.web.client.HttpClientErrorException: 404 
01/10/20 11:25:04 ERROR JsonUtils:37 - Unrecognized field "timestamp" (class api.model.UserCreated), not marked as ignorable (3 known properties: "name", "job", "id"])
 at [Source: (String)"{"timestamp":"2020-10-01T14:25:03.423+0000","status":404,"error":"Not Found","message":"No message available","path":"/"}"; line: 1, column: 15] (through reference chain: api.model.UserCreated["timestamp"])
01/10/20 11:25:04 INFO  BasicHook:35 - ------ Ending -----Example scenario for get user data-----
01/10/20 11:25:04 INFO  BasicHook:20 - ------ Starting -----Example scenario for get user data-----
01/10/20 11:25:04 INFO  MethodsService:109 - >>>Request: http://vps2.crowdaronline.com:8083/, {Content-Type=application/json}, {"name":"test","job":"leader"}
01/10/20 11:25:04 INFO  RestClient:93 - >>>Error Response: org.springframework.web.client.HttpClientErrorException: 404 
01/10/20 11:25:04 ERROR JsonUtils:37 - Unrecognized field "timestamp" (class api.model.UserCreated), not marked as ignorable (3 known properties: "name", "job", "id"])
 at [Source: (String)"{"timestamp":"2020-10-01T14:25:03.700+0000","status":404,"error":"Not Found","message":"No message available","path":"/"}"; line: 1, column: 15] (through reference chain: api.model.UserCreated["timestamp"])
01/10/20 11:25:04 INFO  BasicHook:35 - ------ Ending -----Example scenario for get user data-----
01/10/20 11:25:04 INFO  BasicHook:20 - ------ Starting -----Example scenario for get user data-----
01/10/20 11:25:04 INFO  MethodsService:109 - >>>Request: http://vps2.crowdaronline.com:8083/, {Content-Type=application/json}, {"name":"test","job":"leader"}
01/10/20 11:25:04 INFO  RestClient:93 - >>>Error Response: org.springframework.web.client.HttpClientErrorException: 404 
01/10/20 11:25:04 ERROR JsonUtils:37 - Unrecognized field "timestamp" (class api.model.UserCreated), not marked as ignorable (3 known properties: "name", "job", "id"])
 at [Source: (String)"{"timestamp":"2020-10-01T14:25:03.972+0000","status":404,"error":"Not Found","message":"No message available","path":"/"}"; line: 1, column: 15] (through reference chain: api.model.UserCreated["timestamp"])
01/10/20 11:25:04 INFO  BasicHook:35 - ------ Ending -----Example scenario for get user data-----
01/10/20 11:25:04 INFO  BasicHook:20 - ------ Starting -----Example scenario for input parameters-----
01/10/20 11:25:04 INFO  MethodsService:109 - >>>Request: https://postman-echo.com/response-headers, {foo1=bar1, foo2=bar2}
01/10/20 11:25:06 INFO  RestClient:90 - >>>Response: <200 OK,api.model.ResponseHeaders@2661a37a,{Date=[Thu, 01 Oct 2020 14:25:05 GMT], Content-Type=[application/json; charset=utf-8], Content-Length=[29], Connection=[keep-alive], foo1=[bar1], foo2=[bar2], ETag=[W/"1d-PgOLWVqd2mMvcpNzTF0Cfy4hftg"], Vary=[Accept-Encoding], set-cookie=[sails.sid=s%3AR9AMMrt7LQZaaZZO_zYomjfFN8EoOz1V.DvuMJpfmi%2Bd5jst6KYvRkMbZStxlfSx1tkqzl4AdQKQ; Path=/; HttpOnly]}>
01/10/20 11:25:06 INFO  BasicHook:35 - ------ Ending -----Example scenario for input parameters-----
01/10/20 11:26:51 INFO  BasicHook:20 - ------ Starting -----Obtengo la información del usuario-----
01/10/20 11:26:52 INFO  MethodsService:109 - >>>Request: http://vps2.crowdaronline.com:8083/rest/user/me, {Authorization=Bearer eyJhbGciOiJIUzUxMiJ9.eyJpc3MiOiJMaXBwaWEtUmVwb3J0LVNlcnZlciIsInN1YiI6ImFkbWluIiwiaWF0IjoxNjAxNTUzODg2LCJleHAiOjE2MDE2NDAyODZ9.c5SjcpmzXNnU3Oas0-eNzcbBxVDZMq7Bgn8mdrb0_c5RFIQTJOjes42QSWPEsC3lQcItUGadp8Ci2ix10c5vrA, Content-Type=application/json}
01/10/20 11:26:53 INFO  RestClient:90 - >>>Response: <200 OK,api.model.UserMe@68d56dde,{X-Content-Type-Options=[nosniff], X-XSS-Protection=[1; mode=block], Cache-Control=[no-cache, no-store, max-age=0, must-revalidate], Pragma=[no-cache], Expires=[0], X-Frame-Options=[DENY], Content-Type=[application/json;charset=UTF-8], Transfer-Encoding=[chunked], Date=[Thu, 01 Oct 2020 14:26:53 GMT]}>
01/10/20 11:26:54 INFO  BasicHook:35 - ------ Ending -----Obtengo la información del usuario-----
